<?xml version="1.0" encoding="UTF-8"?>
<!-- Generated by org.testng.reporters.JUnitXMLReporter -->
<testsuite hostname="n003h040.wst.mun.ca" name="CommandLine" tests="22" failures="5" timestamp="13 Mar 2012 12:27:17 GMT" time="0.444" errors="0">
  <testcase name="addPaperCommand" time="0.017" classname="ca.mitmaro.ldb.CommandsTest"/>
  <testcase name="addPaperCommand_fail" time="0.0010" classname="ca.mitmaro.ldb.CommandsTest"/>
  <testcase name="addReferenceCommand" time="0.0010" classname="ca.mitmaro.ldb.CommandsTest"/>
  <testcase name="addReferenceCommand_fail" time="0.0010" classname="ca.mitmaro.ldb.CommandsTest"/>
  <testcase name="clearPaperCommand" time="0.0" classname="ca.mitmaro.ldb.CommandsTest"/>
  <testcase name="clearPaperCommand_fail" time="0.0" classname="ca.mitmaro.ldb.CommandsTest"/>
  <testcase name="clearReferenceCommand" time="0.0" classname="ca.mitmaro.ldb.CommandsTest"/>
  <testcase name="clearReferenceCommand_fail" time="0.0" classname="ca.mitmaro.ldb.CommandsTest"/>
  <testcase name="editPaperCommand" time="0.041" classname="ca.mitmaro.ldb.CommandsTest">
    <failure type="junit.framework.ComparisonFailure" message="expected:&amp;lt;Paper ...&amp;gt; but was:&amp;lt;...&amp;gt;">
      <![CDATA[junit.framework.ComparisonFailure: expected:<Paper ...> but was:<...>
	at junit.framework.Assert.assertEquals(Assert.java:81)
	at junit.framework.Assert.assertEquals(Assert.java:87)
	at ca.mitmaro.ldb.CommandsTest.editPaperCommand(CommandsTest.java:148)
... Removed 24 stack frames]]>
    </failure>
  </testcase> <!-- editPaperCommand -->
  <testcase name="editPaperCommand_missingPaper" time="0.0010" classname="ca.mitmaro.ldb.CommandsTest"/>
  <testcase name="listPaperListsCommand" time="0.0010" classname="ca.mitmaro.ldb.CommandsTest"/>
  <testcase name="listPaperListsCommand_invalid" time="0.0010" classname="ca.mitmaro.ldb.CommandsTest"/>
  <testcase name="listReferenceListsCommand" time="0.0010" classname="ca.mitmaro.ldb.CommandsTest"/>
  <testcase name="listReferenceListsCommand_invalid" time="0.0010" classname="ca.mitmaro.ldb.CommandsTest"/>
  <testcase name="loadPaperListCommand" time="0.024" classname="ca.mitmaro.ldb.CommandsTest"/>
  <testcase name="loadPaperListCommand_invalidArgs" time="0.015" classname="ca.mitmaro.ldb.CommandsTest"/>
  <testcase name="loadReferenceListCommand" time="0.0010" classname="ca.mitmaro.ldb.CommandsTest"/>
  <testcase name="loadReferenceListCommand_invalidArgs" time="0.0" classname="ca.mitmaro.ldb.CommandsTest"/>
  <testcase name="printCurrentWorkingPaperCommand" time="0.0010" classname="ca.mitmaro.ldb.CommandsTest">
    <failure type="java.lang.RuntimeException" message="Test not implemented">
      <![CDATA[java.lang.RuntimeException: Test not implemented
	at ca.mitmaro.ldb.CommandsTest.printCurrentWorkingPaperCommand(CommandsTest.java:228)
... Removed 24 stack frames]]>
    </failure>
  </testcase> <!-- printCurrentWorkingPaperCommand -->
  <testcase name="printPaperCommand" time="0.0" classname="ca.mitmaro.ldb.CommandsTest">
    <failure type="java.lang.RuntimeException" message="Test not implemented">
      <![CDATA[java.lang.RuntimeException: Test not implemented
	at ca.mitmaro.ldb.CommandsTest.printPaperCommand(CommandsTest.java:233)
... Removed 24 stack frames]]>
    </failure>
  </testcase> <!-- printPaperCommand -->
  <testcase name="printReferenceCommand" time="0.0010" classname="ca.mitmaro.ldb.CommandsTest">
    <failure type="java.lang.RuntimeException" message="Test not implemented">
      <![CDATA[java.lang.RuntimeException: Test not implemented
	at ca.mitmaro.ldb.CommandsTest.printReferenceCommand(CommandsTest.java:238)
... Removed 24 stack frames]]>
    </failure>
  </testcase> <!-- printReferenceCommand -->
  <testcase name="setCurrentWorkingPaperCommand" time="0.0" classname="ca.mitmaro.ldb.CommandsTest">
    <failure type="java.lang.RuntimeException" message="Test not implemented">
      <![CDATA[java.lang.RuntimeException: Test not implemented
	at ca.mitmaro.ldb.CommandsTest.setCurrentWorkingPaperCommand(CommandsTest.java:243)
... Removed 24 stack frames]]>
    </failure>
  </testcase> <!-- setCurrentWorkingPaperCommand -->
</testsuite> <!-- CommandLine -->
