<?xml version="1.0" encoding="UTF-8"?>
<!-- Generated by org.testng.reporters.JUnitXMLReporter -->
<testsuite hostname="n003h040.wst.mun.ca" name="Entities" tests="35" failures="0" timestamp="13 Mar 2012 12:27:17 GMT" time="0.244" errors="0">
  <testcase name="addCitation" time="0.0090" classname="ca.mitmaro.ldb.entity.PaperTest"/>
  <testcase name="addReference" time="0.0010" classname="ca.mitmaro.ldb.entity.PaperTest"/>
  <testcase name="addToList_missingOldList" time="0.0060" classname="ca.mitmaro.ldb.entity.PaperTest"/>
  <testcase name="getAuthorFirst_Fail" time="0.0010" classname="ca.mitmaro.ldb.entity.PaperTest"/>
  <testcase name="getAuthorLast_Fail" time="0.0" classname="ca.mitmaro.ldb.entity.PaperTest"/>
  <testcase name="getTitle_Fail" time="0.0" classname="ca.mitmaro.ldb.entity.PaperTest"/>
  <testcase name="getYear_Fail" time="0.0010" classname="ca.mitmaro.ldb.entity.PaperTest"/>
  <testcase name="setDataSet" time="0.0010" classname="ca.mitmaro.ldb.entity.PaperTest"/>
  <testcase name="update" time="0.0010" classname="ca.mitmaro.ldb.entity.PaperTest"/>
  <testcase name="addToList_Success" time="0.0010" classname="ca.mitmaro.ldb.entity.PaperTest"/>
  <testcase name="addToList_missingOldList" time="0.0020" classname="ca.mitmaro.ldb.entity.BookTest"/>
  <testcase name="setDataSet" time="0.0020" classname="ca.mitmaro.ldb.entity.BookTest"/>
  <testcase name="getPrintable" time="0.0020" classname="ca.mitmaro.ldb.entity.BookTest"/>
  <testcase name="update" time="0.0010" classname="ca.mitmaro.ldb.entity.BookTest"/>
  <testcase name="addToList_missingOldList" time="0.0030" classname="ca.mitmaro.ldb.entity.BookChapterTest"/>
  <testcase name="setDataSet" time="0.0010" classname="ca.mitmaro.ldb.entity.BookChapterTest"/>
  <testcase name="getPages_differentPage" time="0.0030" classname="ca.mitmaro.ldb.entity.BookChapterTest"/>
  <testcase name="getPages_samePage" time="0.0010" classname="ca.mitmaro.ldb.entity.BookChapterTest"/>
  <testcase name="getPrintable" time="0.0010" classname="ca.mitmaro.ldb.entity.BookChapterTest"/>
  <testcase name="update" time="0.0010" classname="ca.mitmaro.ldb.entity.BookChapterTest"/>
  <testcase name="addToList_missingOldList" time="0.0010" classname="ca.mitmaro.ldb.entity.ConferencePaperTest"/>
  <testcase name="setDataSet" time="0.0010" classname="ca.mitmaro.ldb.entity.ConferencePaperTest"/>
  <testcase name="getPages_differentPage" time="0.0" classname="ca.mitmaro.ldb.entity.ConferencePaperTest"/>
  <testcase name="getPages_samePage" time="0.0" classname="ca.mitmaro.ldb.entity.ConferencePaperTest"/>
  <testcase name="getPrintable" time="0.0010" classname="ca.mitmaro.ldb.entity.ConferencePaperTest"/>
  <testcase name="updateField" time="0.0010" classname="ca.mitmaro.ldb.entity.ConferencePaperTest"/>
  <testcase name="setDataSet" time="0.0080" classname="ca.mitmaro.ldb.entity.JournalPaperTest"/>
  <testcase name="getPages_differentPage" time="0.0010" classname="ca.mitmaro.ldb.entity.JournalPaperTest"/>
  <testcase name="getPages_samePage" time="0.0010" classname="ca.mitmaro.ldb.entity.JournalPaperTest"/>
  <testcase name="getPrintable" time="0.0010" classname="ca.mitmaro.ldb.entity.JournalPaperTest"/>
  <testcase name="update" time="0.0010" classname="ca.mitmaro.ldb.entity.JournalPaperTest"/>
  <testcase name="addToList_missingOldList" time="0.0030" classname="ca.mitmaro.ldb.entity.PHDThesisTest"/>
  <testcase name="setDataSet" time="0.0010" classname="ca.mitmaro.ldb.entity.PHDThesisTest"/>
  <testcase name="getPrintable" time="0.0010" classname="ca.mitmaro.ldb.entity.PHDThesisTest"/>
  <testcase name="updateField" time="0.0010" classname="ca.mitmaro.ldb.entity.PHDThesisTest"/>
</testsuite> <!-- Entities -->
